0 info it worked if it ends with ok
1 verbose cli [ 'C:\\Program Files\\nodejs\\node.exe',
1 verbose cli   'C:\\Program Files\\nodejs\\node_modules\\npm\\bin\\npm-cli.js',
1 verbose cli   'run',
1 verbose cli   'prep' ]
2 info using npm@3.8.9
3 info using node@v6.2.0
4 verbose run-script [ 'prep' ]
5 info lifecycle redux_react_example@1.0.0~prep: redux_react_example@1.0.0
6 verbose lifecycle redux_react_example@1.0.0~prep: unsafe-perm in lifecycle true
7 verbose lifecycle redux_react_example@1.0.0~prep: PATH: C:\Program Files\nodejs\node_modules\npm\bin\node-gyp-bin;C:\Users\Daniel.Baranowski\Documents\Atom workspace\React Redux example\node_modules\.bin;C:\Program Files\nodejs;C:\Program Files (x86)\cmder\bin;C:\Program Files\Git\bin;C:\Program Files\Git\usr\bin;C:\Program Files\Git\share\vim\vim74;C:\Program Files (x86)\cmder\vendor\conemu-maximus5;C:\Program Files (x86)\cmder\vendor\conemu-maximus5\ConEmu;C:\Program Files (x86)\Intel\iCLS Client\;C:\Program Files\Intel\iCLS Client\;C:\Windows\system32;C:\Windows;C:\Windows\System32\Wbem;C:\Windows\System32\WindowsPowerShell\v1.0\;C:\Program Files\Intel\Intel(R) Management Engine Components\DAL;C:\Program Files (x86)\Intel\Intel(R) Management Engine Components\DAL;C:\Program Files\Intel\Intel(R) Management Engine Components\IPT;C:\Program Files (x86)\Intel\Intel(R) Management Engine Components\IPT;C:\Program Files\Git\cmd;C:\Program Files\TortoiseGit\bin;C:\ProgramData\chocolatey\bin;C:\Program Files\nodejs\;C:\Users\Daniel.Baranowski\AppData\Local\atom\bin;C:\Users\Daniel.Baranowski\AppData\Roaming\npm;C:\Program Files (x86)\cmder
8 verbose lifecycle redux_react_example@1.0.0~prep: CWD: C:\Users\Daniel.Baranowski\Documents\Atom workspace\React Redux example
9 silly lifecycle redux_react_example@1.0.0~prep: Args: [ '/d /s /c', 'browserify index.js -o bundle.js' ]
10 silly lifecycle redux_react_example@1.0.0~prep: Returned: code: 1  signal: null
11 info lifecycle redux_react_example@1.0.0~prep: Failed to exec prep script
12 verbose stack Error: redux_react_example@1.0.0 prep: `browserify index.js -o bundle.js`
12 verbose stack Exit status 1
12 verbose stack     at EventEmitter.<anonymous> (C:\Program Files\nodejs\node_modules\npm\lib\utils\lifecycle.js:245:16)
12 verbose stack     at emitTwo (events.js:106:13)
12 verbose stack     at EventEmitter.emit (events.js:191:7)
12 verbose stack     at ChildProcess.<anonymous> (C:\Program Files\nodejs\node_modules\npm\lib\utils\spawn.js:24:14)
12 verbose stack     at emitTwo (events.js:106:13)
12 verbose stack     at ChildProcess.emit (events.js:191:7)
12 verbose stack     at maybeClose (internal/child_process.js:850:16)
12 verbose stack     at Process.ChildProcess._handle.onexit (internal/child_process.js:215:5)
13 verbose pkgid redux_react_example@1.0.0
14 verbose cwd C:\Users\Daniel.Baranowski\Documents\Atom workspace\React Redux example
15 error Windows_NT 6.3.9600
16 error argv "C:\\Program Files\\nodejs\\node.exe" "C:\\Program Files\\nodejs\\node_modules\\npm\\bin\\npm-cli.js" "run" "prep"
17 error node v6.2.0
18 error npm  v3.8.9
19 error code ELIFECYCLE
20 error redux_react_example@1.0.0 prep: `browserify index.js -o bundle.js`
20 error Exit status 1
21 error Failed at the redux_react_example@1.0.0 prep script 'browserify index.js -o bundle.js'.
21 error Make sure you have the latest version of node.js and npm installed.
21 error If you do, this is most likely a problem with the redux_react_example package,
21 error not with npm itself.
21 error Tell the author that this fails on your system:
21 error     browserify index.js -o bundle.js
21 error You can get information on how to open an issue for this project with:
21 error     npm bugs redux_react_example
21 error Or if that isn't available, you can get their info via:
21 error     npm owner ls redux_react_example
21 error There is likely additional logging output above.
22 verbose exit [ 1, true ]
